<?xml version="1.0" encoding="UTF-8"?>
<testsuite xmlns:xsi="http://www.w3.org/2001/XMLSchema-instance" xsi:noNamespaceSchemaLocation="https://maven.apache.org/surefire/maven-surefire-plugin/xsd/surefire-test-report.xsd" name="TestSuite" time="196.033" tests="20" errors="0" skipped="0" failures="0">
  <properties>
    <property name="java.runtime.name" value="Java(TM) SE Runtime Environment"/>
    <property name="sun.boot.library.path" value="C:\Program Files\Java\jdk1.8.0_131\jre\bin"/>
    <property name="java.vm.version" value="25.131-b11"/>
    <property name="java.vm.vendor" value="Oracle Corporation"/>
    <property name="maven.multiModuleProjectDirectory" value="E:\Stoic Test"/>
    <property name="java.vendor.url" value="http://java.oracle.com/"/>
    <property name="path.separator" value=";"/>
    <property name="guice.disable.misplaced.annotation.check" value="true"/>
    <property name="java.vm.name" value="Java HotSpot(TM) 64-Bit Server VM"/>
    <property name="file.encoding.pkg" value="sun.io"/>
    <property name="user.script" value=""/>
    <property name="user.country" value="IN"/>
    <property name="sun.java.launcher" value="SUN_STANDARD"/>
    <property name="sun.os.patch.level" value=""/>
    <property name="java.vm.specification.name" value="Java Virtual Machine Specification"/>
    <property name="user.dir" value="E:\Stoic Test"/>
    <property name="java.runtime.version" value="1.8.0_131-b11"/>
    <property name="java.awt.graphicsenv" value="sun.awt.Win32GraphicsEnvironment"/>
    <property name="java.endorsed.dirs" value="C:\Program Files\Java\jdk1.8.0_131\jre\lib\endorsed"/>
    <property name="os.arch" value="amd64"/>
    <property name="java.io.tmpdir" value="C:\Users\ANAND\AppData\Local\Temp\"/>
    <property name="line.separator" value="&#10;"/>
    <property name="java.vm.specification.vendor" value="Oracle Corporation"/>
    <property name="user.variant" value=""/>
    <property name="os.name" value="Windows 10"/>
    <property name="classworlds.conf" value="C:\Users\ANAND\Documents\workspace-sts\.metadata\.plugins\org.eclipse.m2e.launching\launches\m2conf4999403811199291029.tmp"/>
    <property name="sun.jnu.encoding" value="Cp1252"/>
    <property name="java.library.path" value="C:\Program Files\Java\jdk1.8.0_131\bin;C:\Windows\Sun\Java\bin;C:\Windows\system32;C:\Windows;C:/Program Files/Java/jre1.8.0_144/bin/server;C:/Program Files/Java/jre1.8.0_144/bin;C:/Program Files/Java/jre1.8.0_144/lib/amd64;C:\ProgramData\Oracle\Java\javapath;C:\Windows\system32;C:\Windows;C:\Windows\System32\Wbem;C:\Windows\System32\WindowsPowerShell\v1.0\;C:\Program Files (x86)\Intel\OpenCL SDK\2.0\bin\x86;C:\Program Files (x86)\Intel\OpenCL SDK\2.0\bin\x64;C:\Program Files\PuTTY\;C:\gradle-4.0\bin;C:\Program Files (x86)\MySQL\MySQL Fabric 1.5 &amp; MySQL Utilities 1.5\;C:\Program Files (x86)\MySQL\MySQL Fabric 1.5 &amp; MySQL Utilities 1.5\Doctrine extensions for PHP\;C:\Program Files\Java\jdk1.8.0_131\bin;C:\Program Files\apache-maven-3.5.0\bin;C:\Program Files\Git\cmd;C:\Program Files (x86)\sbt\bin;C:\Program Files (x86)\sbt;C:\Program Files\scala-2.12.3\bin;C:\Users\ANAND\.minishift\cache\oc\v3.5.5.31;C:\Program Files\scala-2.12.3\bin;c:\DevelopmentSuite\cdk\bin;c:\DevelopmentSuite\cygwin\bin;C:\Users\ANAND\AppData\Local\Microsoft\WindowsApps;C:\gradle-4.0\bin;C:\Program Files\Java\jdk1.8.0_131\bin;C:\Program Files\apache-maven-3.5.0\bin;E:\hadoop-2.6.0\bin;;E:\sts-bundle\sts-3.9.0.RELEASE;;."/>
    <property name="java.specification.name" value="Java Platform API Specification"/>
    <property name="java.class.version" value="52.0"/>
    <property name="sun.management.compiler" value="HotSpot 64-Bit Tiered Compilers"/>
    <property name="os.version" value="10.0"/>
    <property name="user.home" value="C:\Users\ANAND"/>
    <property name="user.timezone" value="Asia/Calcutta"/>
    <property name="java.awt.printerjob" value="sun.awt.windows.WPrinterJob"/>
    <property name="java.specification.version" value="1.8"/>
    <property name="file.encoding" value="Cp1252"/>
    <property name="user.name" value="ANAND"/>
    <property name="java.class.path" value="/E:/sts-bundle/sts-3.9.0.RELEASE/plugins/org.eclipse.m2e.maven.runtime_1.8.0.20170516-2042/jars/plexus-classworlds-2.5.2.jar"/>
    <property name="java.vm.specification.version" value="1.8"/>
    <property name="sun.arch.data.model" value="64"/>
    <property name="java.home" value="C:\Program Files\Java\jdk1.8.0_131\jre"/>
    <property name="sun.java.command" value="org.codehaus.plexus.classworlds.launcher.Launcher -B install"/>
    <property name="java.specification.vendor" value="Oracle Corporation"/>
    <property name="user.language" value="en"/>
    <property name="awt.toolkit" value="sun.awt.windows.WToolkit"/>
    <property name="java.vm.info" value="mixed mode"/>
    <property name="java.version" value="1.8.0_131"/>
    <property name="java.ext.dirs" value="C:\Program Files\Java\jdk1.8.0_131\jre\lib\ext;C:\Windows\Sun\Java\lib\ext"/>
    <property name="sun.boot.class.path" value="C:\Program Files\Java\jdk1.8.0_131\jre\lib\resources.jar;C:\Program Files\Java\jdk1.8.0_131\jre\lib\rt.jar;C:\Program Files\Java\jdk1.8.0_131\jre\lib\sunrsasign.jar;C:\Program Files\Java\jdk1.8.0_131\jre\lib\jsse.jar;C:\Program Files\Java\jdk1.8.0_131\jre\lib\jce.jar;C:\Program Files\Java\jdk1.8.0_131\jre\lib\charsets.jar;C:\Program Files\Java\jdk1.8.0_131\jre\lib\jfr.jar;C:\Program Files\Java\jdk1.8.0_131\jre\classes"/>
    <property name="java.vendor" value="Oracle Corporation"/>
    <property name="maven.home" value="E:\Stoic Test\EMBEDDED"/>
    <property name="file.separator" value="\"/>
    <property name="java.vendor.url.bug" value="http://bugreport.sun.com/bugreport/"/>
    <property name="sun.cpu.endian" value="little"/>
    <property name="sun.io.unicode.encoding" value="UnicodeLittle"/>
    <property name="sun.desktop" value="windows"/>
    <property name="sun.cpu.isalist" value="amd64"/>
  </properties>
  <testcase name="unsuccessfullogin" classname="com.pack.home.TestExecution.TestRun" time="11.661"/>
  <testcase name="login" classname="com.pack.home.TestExecution.TestRun" time="13.446"/>
  <testcase name="verifyWelcomeMesg" classname="com.pack.home.TestExecution.TestRun" time="0.168"/>
  <testcase name="clickPrivacy" classname="com.pack.home.TestExecution.TestRun" time="6.589"/>
  <testcase name="clickTerms" classname="com.pack.home.TestExecution.TestRun" time="5.844"/>
  <testcase name="clickRefund" classname="com.pack.home.TestExecution.TestRun" time="5.979"/>
  <testcase name="clickfeedback" classname="com.pack.home.TestExecution.TestRun" time="5.922"/>
  <testcase name="sendfeedback" classname="com.pack.home.TestExecution.TestRun" time="11.078"/>
  <testcase name="clickfaq" classname="com.pack.home.TestExecution.TestRun" time="5.802"/>
  <testcase name="clickknowcpe" classname="com.pack.home.TestExecution.TestRun" time="6.653"/>
  <testcase name="clickPayment" classname="com.pack.home.TestExecution.TestRun" time="5.993"/>
  <testcase name="clickPayBill" classname="com.pack.home.TestExecution.TestRun" time="5.837"/>
  <testcase name="clickcontact" classname="com.pack.home.TestExecution.TestRun" time="8.547"/>
  <testcase name="sendcontactus" classname="com.pack.home.TestExecution.TestRun" time="11.791"/>
  <testcase name="clickTopUp" classname="com.pack.home.TestExecution.TestRun" time="5.909"/>
  <testcase name="clickPlan" classname="com.pack.home.TestExecution.TestRun" time="5.849"/>
  <testcase name="clickProfile" classname="com.pack.home.TestExecution.TestRun" time="5.76"/>
  <testcase name="clickService" classname="com.pack.home.TestExecution.TestRun" time="5.724"/>
  <testcase name="sendnowrequest" classname="com.pack.home.TestExecution.TestRun" time="9.503"/>
  <testcase name="logout" classname="com.pack.home.TestExecution.TestRun" time="5.532"/>
</testsuite>