<?xml version="1.0" encoding="UTF-8"?>
<!-- Generated by org.testng.reporters.JUnitReportReporter -->
<testsuite hostname="WINDOWS-BQKBTT7" name="com.pack.home.TestExecution.TestRun" tests="21" failures="0" timestamp="20 Sep 2017 14:24:19 GMT" time="139.803" errors="0">
  <testcase name="clickTerms" time="5.304" classname="com.pack.home.TestExecution.TestRun"/>
  <testcase name="clickPayBill" time="5.511" classname="com.pack.home.TestExecution.TestRun"/>
  <testcase name="verifyWelcomeMesg" time="0.061" classname="com.pack.home.TestExecution.TestRun"/>
  <testcase name="clickfaq" time="5.296" classname="com.pack.home.TestExecution.TestRun"/>
  <testcase name="sendnow" time="12.265" classname="com.pack.home.TestExecution.TestRun"/>
  <testcase name="clickknowcpe" time="5.335" classname="com.pack.home.TestExecution.TestRun"/>
  <testcase name="clickknowbill" time="5.171" classname="com.pack.home.TestExecution.TestRun"/>
  <testcase name="sendnowrequest" time="8.812" classname="com.pack.home.TestExecution.TestRun"/>
  <testcase name="clickcontact" time="6.961" classname="com.pack.home.TestExecution.TestRun"/>
  <testcase name="unsuccessfullogin" time="10.553" classname="com.pack.home.TestExecution.TestRun"/>
  <testcase name="clickTopUp" time="5.263" classname="com.pack.home.TestExecution.TestRun"/>
  <testcase name="clickService" time="5.319" classname="com.pack.home.TestExecution.TestRun"/>
  <testcase name="clickfeedback" time="5.290" classname="com.pack.home.TestExecution.TestRun"/>
  <testcase name="sendfeedback" time="10.432" classname="com.pack.home.TestExecution.TestRun"/>
  <testcase name="clickPayment" time="10.329" classname="com.pack.home.TestExecution.TestRun"/>
  <testcase name="clickProfile" time="5.319" classname="com.pack.home.TestExecution.TestRun"/>
  <testcase name="clickPlan" time="5.258" classname="com.pack.home.TestExecution.TestRun"/>
  <testcase name="clickPrivacy" time="5.298" classname="com.pack.home.TestExecution.TestRun"/>
  <testcase name="logout" time="5.285" classname="com.pack.home.TestExecution.TestRun"/>
  <testcase name="login" time="11.461" classname="com.pack.home.TestExecution.TestRun"/>
  <testcase name="clickRefund" time="5.280" classname="com.pack.home.TestExecution.TestRun"/>
</testsuite> <!-- com.pack.home.TestExecution.TestRun -->
