<?xml version="1.0" encoding="UTF-8"?>
<!-- Generated by org.testng.reporters.JUnitReportReporter -->
<testsuite hostname="WINDOWS-BQKBTT7" name="com.pack.home.TestExecution.TestRun" tests="20" failures="0" timestamp="4 Oct 2017 06:14:12 GMT" time="129.788" errors="0">
  <testcase name="clickTerms" time="5.386" classname="com.pack.home.TestExecution.TestRun"/>
  <testcase name="clickcontact" time="6.538" classname="com.pack.home.TestExecution.TestRun"/>
  <testcase name="verifyWelcomeMesg" time="0.110" classname="com.pack.home.TestExecution.TestRun"/>
  <testcase name="sendnowrequest" time="9.075" classname="com.pack.home.TestExecution.TestRun"/>
  <testcase name="clickfaq" time="5.410" classname="com.pack.home.TestExecution.TestRun"/>
  <testcase name="clickTopUp" time="5.346" classname="com.pack.home.TestExecution.TestRun"/>
  <testcase name="clickknowcpe" time="5.668" classname="com.pack.home.TestExecution.TestRun"/>
  <testcase name="clickPayment" time="5.550" classname="com.pack.home.TestExecution.TestRun"/>
  <testcase name="logout" time="5.413" classname="com.pack.home.TestExecution.TestRun"/>
  <testcase name="unsuccessfullogin" time="10.877" classname="com.pack.home.TestExecution.TestRun"/>
  <testcase name="clickPlan" time="5.305" classname="com.pack.home.TestExecution.TestRun"/>
  <testcase name="clickfeedback" time="5.411" classname="com.pack.home.TestExecution.TestRun"/>
  <testcase name="sendfeedback" time="10.756" classname="com.pack.home.TestExecution.TestRun"/>
  <testcase name="clickPayBill" time="5.528" classname="com.pack.home.TestExecution.TestRun"/>
  <testcase name="clickService" time="5.389" classname="com.pack.home.TestExecution.TestRun"/>
  <testcase name="clickProfile" time="5.425" classname="com.pack.home.TestExecution.TestRun"/>
  <testcase name="clickPrivacy" time="5.527" classname="com.pack.home.TestExecution.TestRun"/>
  <testcase name="sendcontactus" time="10.338" classname="com.pack.home.TestExecution.TestRun"/>
  <testcase name="login" time="11.358" classname="com.pack.home.TestExecution.TestRun"/>
  <testcase name="clickRefund" time="5.378" classname="com.pack.home.TestExecution.TestRun"/>
</testsuite> <!-- com.pack.home.TestExecution.TestRun -->
