<?xml version="1.0" encoding="UTF-8"?>
<!-- Generated by org.testng.reporters.JUnitReportReporter -->
<testsuite hostname="DESKTOP-UTJTOH1" name="com.pack.home.TestExecution.TestRun" tests="20" failures="0" timestamp="6 Oct 2017 12:17:37 GMT" time="143.577" errors="0">
  <testcase name="clickPayBill" time="5.837" classname="com.pack.home.TestExecution.TestRun"/>
  <testcase name="sendfeedback" time="11.078" classname="com.pack.home.TestExecution.TestRun"/>
  <testcase name="sendnowrequest" time="9.503" classname="com.pack.home.TestExecution.TestRun"/>
  <testcase name="logout" time="5.532" classname="com.pack.home.TestExecution.TestRun"/>
  <testcase name="clickcontact" time="8.547" classname="com.pack.home.TestExecution.TestRun"/>
  <testcase name="clickTopUp" time="5.908" classname="com.pack.home.TestExecution.TestRun"/>
  <testcase name="unsuccessfullogin" time="11.663" classname="com.pack.home.TestExecution.TestRun"/>
  <testcase name="clickRefund" time="5.977" classname="com.pack.home.TestExecution.TestRun"/>
  <testcase name="clickknowcpe" time="6.652" classname="com.pack.home.TestExecution.TestRun"/>
  <testcase name="clickService" time="5.723" classname="com.pack.home.TestExecution.TestRun"/>
  <testcase name="clickTerms" time="5.843" classname="com.pack.home.TestExecution.TestRun"/>
  <testcase name="clickfaq" time="5.802" classname="com.pack.home.TestExecution.TestRun"/>
  <testcase name="clickfeedback" time="5.922" classname="com.pack.home.TestExecution.TestRun"/>
  <testcase name="clickPayment" time="5.992" classname="com.pack.home.TestExecution.TestRun"/>
  <testcase name="login" time="13.439" classname="com.pack.home.TestExecution.TestRun"/>
  <testcase name="clickPrivacy" time="6.589" classname="com.pack.home.TestExecution.TestRun"/>
  <testcase name="verifyWelcomeMesg" time="0.171" classname="com.pack.home.TestExecution.TestRun"/>
  <testcase name="sendcontactus" time="11.791" classname="com.pack.home.TestExecution.TestRun"/>
  <testcase name="clickProfile" time="5.760" classname="com.pack.home.TestExecution.TestRun"/>
  <testcase name="clickPlan" time="5.848" classname="com.pack.home.TestExecution.TestRun"/>
</testsuite> <!-- com.pack.home.TestExecution.TestRun -->
